2015/11/17 10:50:05 [error] [php] require(/var/www/html/projetophp/protected/components/UserLevel.php): failed to open stream: Permission denied (/var/www/html/projetophp/yii/framework/YiiBase.php:321)
Stack trace:
#0 /var/www/html/projetophp/yii/framework/base/CModule.php(393): createComponent()
#1 /var/www/html/projetophp/yii/framework/base/CModule.php(103): CWebApplication->getComponent()
#2 /var/www/html/projetophp/protected/views/layouts/main.php(42): CWebApplication->__get()
#3 /var/www/html/projetophp/yii/framework/web/CBaseController.php(126): require()
#4 /var/www/html/projetophp/yii/framework/web/CBaseController.php(95): SiteController->renderInternal()
#5 /var/www/html/projetophp/yii/framework/web/widgets/CContentDecorator.php(76): SiteController->renderFile()
#6 /var/www/html/projetophp/yii/framework/web/widgets/CContentDecorator.php(54): CContentDecorator->decorate()
#7 /var/www/html/projetophp/yii/framework/web/widgets/COutputProcessor.php(44): CContentDecorator->processOutput()
#8 /var/www/html/projetophp/yii/framework/web/CBaseController.php(214): CContentDecorator->run()
#9 /var/www/html/projetophp/yii/framework/web/CBaseController.php(308): SiteController->endWidget()
#10 /var/www/html/projetophp/protected/views/layouts/column1.php(6): SiteController->endContent()
#11 /var/www/html/projetophp/yii/framework/web/CBaseController.php(126): require()
#12 /var/www/html/projetophp/yii/framework/web/CBaseController.php(95): SiteController->renderInternal()
#13 /var/www/html/projetophp/yii/framework/web/CController.php(784): SiteController->renderFile()
#14 /var/www/html/projetophp/protected/controllers/SiteController.php(32): SiteController->render()
#15 /var/www/html/projetophp/yii/framework/web/actions/CInlineAction.php(49): SiteController->actionIndex()
#16 /var/www/html/projetophp/yii/framework/web/CController.php(308): CInlineAction->runWithParams()
#17 /var/www/html/projetophp/yii/framework/web/CController.php(286): SiteController->runAction()
#18 /var/www/html/projetophp/yii/framework/web/CController.php(265): SiteController->runActionWithFilters()
#19 /var/www/html/projetophp/yii/framework/web/CWebApplication.php(282): SiteController->run()
#20 /var/www/html/projetophp/yii/framework/web/CWebApplication.php(141): CWebApplication->runController()
#21 /var/www/html/projetophp/yii/framework/base/CApplication.php(184): CWebApplication->processRequest()
#22 /var/www/html/projetophp/index.php(13): CWebApplication->run()
REQUEST_URI=/projetophp/
in /var/www/html/projetophp/protected/views/layouts/main.php (42)
in /var/www/html/projetophp/protected/views/layouts/column1.php (6)
in /var/www/html/projetophp/protected/controllers/SiteController.php (32)
2015/11/17 10:55:31 [error] [exception.CException] exception 'CException' with message 'CAssetManager.basePath "/var/www/html/projetophp/assets" is invalid. Please make sure the directory exists and is writable by the Web server process.' in /var/www/html/projetophp/yii/framework/web/CAssetManager.php:138
Stack trace:
#0 /var/www/html/projetophp/yii/framework/web/CAssetManager.php(123): CAssetManager->setBasePath('/var/www/html/p...')
#1 /var/www/html/projetophp/yii/framework/web/CAssetManager.php(217): CAssetManager->getBasePath()
#2 /var/www/html/projetophp/yii/framework/web/CClientScript.php(511): CAssetManager->publish('/var/www/html/p...')
#3 /var/www/html/projetophp/yii/framework/web/CClientScript.php(548): CClientScript->getCoreScriptUrl()
#4 /var/www/html/projetophp/yii/framework/web/CClientScript.php(349): CClientScript->getPackageBaseUrl('jquery')
#5 /var/www/html/projetophp/yii/framework/web/CClientScript.php(208): CClientScript->renderCoreScripts()
#6 /var/www/html/projetophp/yii/framework/web/CController.php(351): CClientScript->render('<!DOCTYPE html>...')
#7 /var/www/html/projetophp/yii/framework/web/CController.php(788): CController->processOutput('<!DOCTYPE html>...')
#8 /var/www/html/projetophp/protected/controllers/SiteController.php(98): CController->render('login', Array)
#9 /var/www/html/projetophp/yii/framework/web/actions/CInlineAction.php(49): SiteController->actionLogin()
#10 /var/www/html/projetophp/yii/framework/web/CController.php(308): CInlineAction->runWithParams(Array)
#11 /var/www/html/projetophp/yii/framework/web/CController.php(286): CController->runAction(Object(CInlineAction))
#12 /var/www/html/projetophp/yii/framework/web/CController.php(265): CController->runActionWithFilters(Object(CInlineAction), Array)
#13 /var/www/html/projetophp/yii/framework/web/CWebApplication.php(282): CController->run('login')
#14 /var/www/html/projetophp/yii/framework/web/CWebApplication.php(141): CWebApplication->runController('site/login')
#15 /var/www/html/projetophp/yii/framework/base/CApplication.php(184): CWebApplication->processRequest()
#16 /var/www/html/projetophp/index.php(13): CApplication->run()
#17 {main}
REQUEST_URI=/projetophp/index.php/site/login
HTTP_REFERER=http://localhost/projetophp/
---
2015/11/17 10:56:02 [error] [exception.CDbException] exception 'CDbException' with message 'CDbConnection failed to open the DB connection: SQLSTATE[HY000] [2005] Unknown MySQL server host 'mysql.hostinger.com.br' (2)' in /var/www/html/projetophp/yii/framework/db/CDbConnection.php:399
Stack trace:
#0 /var/www/html/projetophp/yii/framework/db/CDbConnection.php(347): CDbConnection->open()
#1 /var/www/html/projetophp/yii/framework/db/CDbConnection.php(325): CDbConnection->setActive(true)
#2 /var/www/html/projetophp/yii/framework/base/CModule.php(394): CDbConnection->init()
#3 /var/www/html/projetophp/yii/framework/base/CApplication.php(458): CModule->getComponent('db')
#4 /var/www/html/projetophp/yii/framework/db/ar/CActiveRecord.php(637): CApplication->getDb()
#5 /var/www/html/projetophp/yii/framework/db/ar/CActiveRecord.php(1433): CActiveRecord->getDbConnection()
#6 /var/www/html/projetophp/yii/framework/db/ar/CActiveRecord.php(1522): CActiveRecord->getTableAlias(true)
#7 /var/www/html/projetophp/protected/components/UserIdentity.php(23): CActiveRecord->findByAttributes(Array)
#8 /var/www/html/projetophp/protected/models/LoginForm.php(54): UserIdentity->authenticate()
#9 /var/www/html/projetophp/yii/framework/validators/CInlineValidator.php(42): LoginForm->authenticate('password', Array)
#10 /var/www/html/projetophp/yii/framework/validators/CValidator.php(201): CInlineValidator->validateAttribute(Object(LoginForm), 'password')
#11 /var/www/html/projetophp/yii/framework/base/CModel.php(159): CValidator->validate(Object(LoginForm), NULL)
#12 /var/www/html/projetophp/protected/controllers/SiteController.php(94): CModel->validate()
#13 /var/www/html/projetophp/yii/framework/web/actions/CInlineAction.php(49): SiteController->actionLogin()
#14 /var/www/html/projetophp/yii/framework/web/CController.php(308): CInlineAction->runWithParams(Array)
#15 /var/www/html/projetophp/yii/framework/web/CController.php(286): CController->runAction(Object(CInlineAction))
#16 /var/www/html/projetophp/yii/framework/web/CController.php(265): CController->runActionWithFilters(Object(CInlineAction), Array)
#17 /var/www/html/projetophp/yii/framework/web/CWebApplication.php(282): CController->run('login')
#18 /var/www/html/projetophp/yii/framework/web/CWebApplication.php(141): CWebApplication->runController('site/login')
#19 /var/www/html/projetophp/yii/framework/base/CApplication.php(184): CWebApplication->processRequest()
#20 /var/www/html/projetophp/index.php(13): CApplication->run()
#21 {main}
REQUEST_URI=/projetophp/index.php/site/login
HTTP_REFERER=http://localhost/projetophp/index.php/site/login
---
2015/11/17 10:56:40 [error] [exception.CDbException] exception 'CDbException' with message 'CDbConnection failed to open the DB connection: SQLSTATE[HY000] [2005] Unknown MySQL server host 'mysql.hostinger.com.br' (2)' in /var/www/html/projetophp/yii/framework/db/CDbConnection.php:399
Stack trace:
#0 /var/www/html/projetophp/yii/framework/db/CDbConnection.php(347): CDbConnection->open()
#1 /var/www/html/projetophp/yii/framework/db/CDbConnection.php(325): CDbConnection->setActive(true)
#2 /var/www/html/projetophp/yii/framework/base/CModule.php(394): CDbConnection->init()
#3 /var/www/html/projetophp/yii/framework/base/CApplication.php(458): CModule->getComponent('db')
#4 /var/www/html/projetophp/yii/framework/db/ar/CActiveRecord.php(637): CApplication->getDb()
#5 /var/www/html/projetophp/yii/framework/db/ar/CActiveRecord.php(1433): CActiveRecord->getDbConnection()
#6 /var/www/html/projetophp/yii/framework/db/ar/CActiveRecord.php(1522): CActiveRecord->getTableAlias(true)
#7 /var/www/html/projetophp/protected/components/UserIdentity.php(23): CActiveRecord->findByAttributes(Array)
#8 /var/www/html/projetophp/protected/models/LoginForm.php(54): UserIdentity->authenticate()
#9 /var/www/html/projetophp/yii/framework/validators/CInlineValidator.php(42): LoginForm->authenticate('password', Array)
#10 /var/www/html/projetophp/yii/framework/validators/CValidator.php(201): CInlineValidator->validateAttribute(Object(LoginForm), 'password')
#11 /var/www/html/projetophp/yii/framework/base/CModel.php(159): CValidator->validate(Object(LoginForm), NULL)
#12 /var/www/html/projetophp/protected/controllers/SiteController.php(94): CModel->validate()
#13 /var/www/html/projetophp/yii/framework/web/actions/CInlineAction.php(49): SiteController->actionLogin()
#14 /var/www/html/projetophp/yii/framework/web/CController.php(308): CInlineAction->runWithParams(Array)
#15 /var/www/html/projetophp/yii/framework/web/CController.php(286): CController->runAction(Object(CInlineAction))
#16 /var/www/html/projetophp/yii/framework/web/CController.php(265): CController->runActionWithFilters(Object(CInlineAction), Array)
#17 /var/www/html/projetophp/yii/framework/web/CWebApplication.php(282): CController->run('login')
#18 /var/www/html/projetophp/yii/framework/web/CWebApplication.php(141): CWebApplication->runController('site/login')
#19 /var/www/html/projetophp/yii/framework/base/CApplication.php(184): CWebApplication->processRequest()
#20 /var/www/html/projetophp/index.php(13): CApplication->run()
#21 {main}
REQUEST_URI=/projetophp/index.php/site/login
HTTP_REFERER=http://localhost/projetophp/index.php/site/login
---
2015/11/17 10:58:46 [error] [exception.CDbException] exception 'CDbException' with message 'CDbConnection failed to open the DB connection: SQLSTATE[HY000] [2005] Unknown MySQL server host 'mysql.hostinger.com.br' (2)' in /var/www/html/projetophp/yii/framework/db/CDbConnection.php:399
Stack trace:
#0 /var/www/html/projetophp/yii/framework/db/CDbConnection.php(347): CDbConnection->open()
#1 /var/www/html/projetophp/yii/framework/db/CDbConnection.php(325): CDbConnection->setActive(true)
#2 /var/www/html/projetophp/yii/framework/base/CModule.php(394): CDbConnection->init()
#3 /var/www/html/projetophp/yii/framework/base/CApplication.php(458): CModule->getComponent('db')
#4 /var/www/html/projetophp/yii/framework/db/ar/CActiveRecord.php(637): CApplication->getDb()
#5 /var/www/html/projetophp/yii/framework/db/ar/CActiveRecord.php(1433): CActiveRecord->getDbConnection()
#6 /var/www/html/projetophp/yii/framework/db/ar/CActiveRecord.php(1522): CActiveRecord->getTableAlias(true)
#7 /var/www/html/projetophp/protected/components/UserIdentity.php(23): CActiveRecord->findByAttributes(Array)
#8 /var/www/html/projetophp/protected/models/LoginForm.php(54): UserIdentity->authenticate()
#9 /var/www/html/projetophp/yii/framework/validators/CInlineValidator.php(42): LoginForm->authenticate('password', Array)
#10 /var/www/html/projetophp/yii/framework/validators/CValidator.php(201): CInlineValidator->validateAttribute(Object(LoginForm), 'password')
#11 /var/www/html/projetophp/yii/framework/base/CModel.php(159): CValidator->validate(Object(LoginForm), NULL)
#12 /var/www/html/projetophp/protected/controllers/SiteController.php(94): CModel->validate()
#13 /var/www/html/projetophp/yii/framework/web/actions/CInlineAction.php(49): SiteController->actionLogin()
#14 /var/www/html/projetophp/yii/framework/web/CController.php(308): CInlineAction->runWithParams(Array)
#15 /var/www/html/projetophp/yii/framework/web/CController.php(286): CController->runAction(Object(CInlineAction))
#16 /var/www/html/projetophp/yii/framework/web/CController.php(265): CController->runActionWithFilters(Object(CInlineAction), Array)
#17 /var/www/html/projetophp/yii/framework/web/CWebApplication.php(282): CController->run('login')
#18 /var/www/html/projetophp/yii/framework/web/CWebApplication.php(141): CWebApplication->runController('site/login')
#19 /var/www/html/projetophp/yii/framework/base/CApplication.php(184): CWebApplication->processRequest()
#20 /var/www/html/projetophp/index.php(13): CApplication->run()
#21 {main}
REQUEST_URI=/projetophp/index.php/site/login
HTTP_REFERER=http://localhost/projetophp/index.php/site/login
---
2015/11/17 11:04:00 [error] [exception.CDbException] exception 'CDbException' with message 'CDbConnection failed to open the DB connection: SQLSTATE[HY000] [2005] Unknown MySQL server host 'mysql.hostinger.com.br' (2)' in /var/www/html/projetophp/yii/framework/db/CDbConnection.php:399
Stack trace:
#0 /var/www/html/projetophp/yii/framework/db/CDbConnection.php(347): CDbConnection->open()
#1 /var/www/html/projetophp/yii/framework/db/CDbConnection.php(325): CDbConnection->setActive(true)
#2 /var/www/html/projetophp/yii/framework/base/CModule.php(394): CDbConnection->init()
#3 /var/www/html/projetophp/yii/framework/base/CApplication.php(458): CModule->getComponent('db')
#4 /var/www/html/projetophp/yii/framework/db/ar/CActiveRecord.php(637): CApplication->getDb()
#5 /var/www/html/projetophp/yii/framework/db/ar/CActiveRecord.php(1433): CActiveRecord->getDbConnection()
#6 /var/www/html/projetophp/yii/framework/db/ar/CActiveRecord.php(1522): CActiveRecord->getTableAlias(true)
#7 /var/www/html/projetophp/protected/components/UserIdentity.php(23): CActiveRecord->findByAttributes(Array)
#8 /var/www/html/projetophp/protected/models/LoginForm.php(54): UserIdentity->authenticate()
#9 /var/www/html/projetophp/yii/framework/validators/CInlineValidator.php(42): LoginForm->authenticate('password', Array)
#10 /var/www/html/projetophp/yii/framework/validators/CValidator.php(201): CInlineValidator->validateAttribute(Object(LoginForm), 'password')
#11 /var/www/html/projetophp/yii/framework/base/CModel.php(159): CValidator->validate(Object(LoginForm), NULL)
#12 /var/www/html/projetophp/protected/controllers/SiteController.php(94): CModel->validate()
#13 /var/www/html/projetophp/yii/framework/web/actions/CInlineAction.php(49): SiteController->actionLogin()
#14 /var/www/html/projetophp/yii/framework/web/CController.php(308): CInlineAction->runWithParams(Array)
#15 /var/www/html/projetophp/yii/framework/web/CController.php(286): CController->runAction(Object(CInlineAction))
#16 /var/www/html/projetophp/yii/framework/web/CController.php(265): CController->runActionWithFilters(Object(CInlineAction), Array)
#17 /var/www/html/projetophp/yii/framework/web/CWebApplication.php(282): CController->run('login')
#18 /var/www/html/projetophp/yii/framework/web/CWebApplication.php(141): CWebApplication->runController('site/login')
#19 /var/www/html/projetophp/yii/framework/base/CApplication.php(184): CWebApplication->processRequest()
#20 /var/www/html/projetophp/index.php(13): CApplication->run()
#21 {main}
REQUEST_URI=/projetophp/index.php/site/login
HTTP_REFERER=http://localhost/projetophp/index.php/site/login
---
